#
# There is insufficient memory for the Java Runtime Environment to continue.
# Native memory allocation (malloc) failed to allocate 268496 bytes for Chunk::new
# Possible reasons:
#   The system is out of physical RAM or swap space
#   The process is running with CompressedOops enabled, and the Java Heap may be blocking the growth of the native heap
# Possible solutions:
#   Reduce memory load on the system
#   Increase physical memory or swap space
#   Check if swap backing store is full
#   Decrease Java heap size (-Xmx/-Xms)
#   Decrease number of Java threads
#   Decrease Java thread stack sizes (-Xss)
#   Set larger code cache with -XX:ReservedCodeCacheSize=
#   JVM is running with Zero Based Compressed Oops mode in which the Java heap is
#     placed in the first 32GB address space. The Java Heap base address is the
#     maximum limit for the native heap growth. Please use -XX:HeapBaseMinAddress
#     to set the Java Heap base and to place the Java Heap above 32GB virtual address.
# This output file may be truncated or incomplete.
#
#  Out of Memory Error (arena.cpp:197), pid=25788, tid=19692
#
# JRE version: OpenJDK Runtime Environment Temurin-11.0.20+8 (11.0.20+8) (build 11.0.20+8)
# Java VM: OpenJDK 64-Bit Server VM Temurin-11.0.20+8 (11.0.20+8, mixed mode, tiered, compressed oops, g1 gc, windows-amd64)
# No core dump will be written. Minidumps are not enabled by default on client versions of Windows
#

---------------  S U M M A R Y ------------

Command Line: -javaagent:C:\Program Files\JetBrains\IntelliJ IDEA Community Edition 2023.2\lib\idea_rt.jar=57119:C:\Program Files\JetBrains\IntelliJ IDEA Community Edition 2023.2\bin -Dfile.encoding=UTF-8 com.example.demo.DemoApplication

Host: 11th Gen Intel(R) Core(TM) i5-1135G7 @ 2.40GHz, 8 cores, 15G,  Windows 11 , 64 bit Build 22621 (10.0.22621.2070)
Time: Wed Sep 13 21:19:28 2023  Windows 11 , 64 bit Build 22621 (10.0.22621.2070) elapsed time: 1425.241523 seconds (0d 0h 23m 45s)

---------------  T H R E A D  ---------------

Current thread (0x000002377f9fe800):  JavaThread "C2 CompilerThread0" daemon [_thread_in_native, id=19692, stack(0x0000005a01000000,0x0000005a01100000)]


Current CompileTask:
C2:1425242 7194       4       java.lang.ClassLoader::preDefineClass (116 bytes)

Stack: [0x0000005a01000000,0x0000005a01100000]
Native frames: (J=compiled Java code, j=interpreted, Vv=VM code, C=native code)
V  [jvm.dll+0x64fb8a]
V  [jvm.dll+0x7e3799]
V  [jvm.dll+0x7e4e99]
V  [jvm.dll+0x7e5583]
V  [jvm.dll+0x26b485]
V  [jvm.dll+0xc1a5c]
V  [jvm.dll+0xc200c]
V  [jvm.dll+0x37b802]
V  [jvm.dll+0x3467b5]
V  [jvm.dll+0x345b4a]
V  [jvm.dll+0x22320f]
V  [jvm.dll+0x222218]
V  [jvm.dll+0x19eb71]
V  [jvm.dll+0x2323e9]
V  [jvm.dll+0x23053f]
V  [jvm.dll+0x7a4b00]
V  [jvm.dll+0x79d7d4]
V  [jvm.dll+0x64e945]
C  [ucrtbase.dll+0x29363]
C  [KERNEL32.DLL+0x126ad]
C  [ntdll.dll+0x5aa68]


---------------  P R O C E S S  ---------------

Threads class SMR info:
_java_thread_list=0x0000023718957df0, length=29, elements={
0x000002377f8e6800, 0x000002377f99a800, 0x000002377f9f8000, 0x000002377f9fa800,
0x000002377f9fc800, 0x000002377f9fe800, 0x000002377fa00000, 0x000002377fa0a800,
0x000002377fb8b800, 0x0000023715914800, 0x0000023716609800, 0x0000023718952000,
0x0000023716e76800, 0x000002371c59e800, 0x0000023719f81000, 0x0000023718696800,
0x000002371c67c800, 0x000002371c676800, 0x000002371c67b800, 0x000002371c67a800,
0x000002371c678800, 0x000002371c67d000, 0x000002371c677800, 0x000002371c679000,
0x000002371c67a000, 0x000002371ae94000, 0x000002371ae91800, 0x000002371ae95800,
0x000002371ae95000
}

Java Threads: ( => current thread )
  0x000002377f8e6800 JavaThread "Reference Handler" daemon [_thread_blocked, id=25172, stack(0x0000005a00b00000,0x0000005a00c00000)]
  0x000002377f99a800 JavaThread "Finalizer" daemon [_thread_blocked, id=14988, stack(0x0000005a00c00000,0x0000005a00d00000)]
  0x000002377f9f8000 JavaThread "Signal Dispatcher" daemon [_thread_blocked, id=7788, stack(0x0000005a00d00000,0x0000005a00e00000)]
  0x000002377f9fa800 JavaThread "Attach Listener" daemon [_thread_blocked, id=12512, stack(0x0000005a00e00000,0x0000005a00f00000)]
  0x000002377f9fc800 JavaThread "Service Thread" daemon [_thread_blocked, id=9776, stack(0x0000005a00f00000,0x0000005a01000000)]
=>0x000002377f9fe800 JavaThread "C2 CompilerThread0" daemon [_thread_in_native, id=19692, stack(0x0000005a01000000,0x0000005a01100000)]
  0x000002377fa00000 JavaThread "C1 CompilerThread0" daemon [_thread_blocked, id=2684, stack(0x0000005a01100000,0x0000005a01200000)]
  0x000002377fa0a800 JavaThread "Sweeper thread" daemon [_thread_blocked, id=25180, stack(0x0000005a01200000,0x0000005a01300000)]
  0x000002377fb8b800 JavaThread "Common-Cleaner" daemon [_thread_blocked, id=17860, stack(0x0000005a01300000,0x0000005a01400000)]
  0x0000023715914800 JavaThread "Monitor Ctrl-Break" daemon [_thread_in_native, id=11080, stack(0x0000005a01400000,0x0000005a01500000)]
  0x0000023716609800 JavaThread "Catalina-utility-1" [_thread_blocked, id=27568, stack(0x0000005a02300000,0x0000005a02400000)]
  0x0000023718952000 JavaThread "Catalina-utility-2" [_thread_blocked, id=25096, stack(0x0000005a02400000,0x0000005a02500000)]
  0x0000023716e76800 JavaThread "container-0" [_thread_blocked, id=28420, stack(0x0000005a02500000,0x0000005a02600000)]
  0x000002371c59e800 JavaThread "File Watcher" daemon [_thread_blocked, id=17596, stack(0x0000005a02600000,0x0000005a02700000)]
  0x0000023719f81000 JavaThread "Live Reload Server" daemon [_thread_in_native, id=26068, stack(0x0000005a02800000,0x0000005a02900000)]
  0x0000023718696800 JavaThread "http-nio-8090-exec-1" daemon [_thread_blocked, id=35036, stack(0x0000005a02700000,0x0000005a02800000)]
  0x000002371c67c800 JavaThread "http-nio-8090-exec-2" daemon [_thread_blocked, id=12400, stack(0x0000005a02900000,0x0000005a02a00000)]
  0x000002371c676800 JavaThread "http-nio-8090-exec-3" daemon [_thread_blocked, id=37532, stack(0x0000005a02a00000,0x0000005a02b00000)]
  0x000002371c67b800 JavaThread "http-nio-8090-exec-4" daemon [_thread_blocked, id=25208, stack(0x0000005a02b00000,0x0000005a02c00000)]
  0x000002371c67a800 JavaThread "http-nio-8090-exec-5" daemon [_thread_blocked, id=16816, stack(0x0000005a02c00000,0x0000005a02d00000)]
  0x000002371c678800 JavaThread "http-nio-8090-exec-6" daemon [_thread_blocked, id=17688, stack(0x0000005a02d00000,0x0000005a02e00000)]
  0x000002371c67d000 JavaThread "http-nio-8090-exec-7" daemon [_thread_blocked, id=8492, stack(0x0000005a02e00000,0x0000005a02f00000)]
  0x000002371c677800 JavaThread "http-nio-8090-exec-8" daemon [_thread_in_vm, id=38592, stack(0x0000005a02f00000,0x0000005a03000000)]
  0x000002371c679000 JavaThread "http-nio-8090-exec-9" daemon [_thread_blocked, id=5824, stack(0x0000005a03000000,0x0000005a03100000)]
  0x000002371c67a000 JavaThread "http-nio-8090-exec-10" daemon [_thread_blocked, id=13176, stack(0x0000005a03100000,0x0000005a03200000)]
  0x000002371ae94000 JavaThread "http-nio-8090-Poller" daemon [_thread_in_native, id=27756, stack(0x0000005a03200000,0x0000005a03300000)]
  0x000002371ae91800 JavaThread "http-nio-8090-Acceptor" daemon [_thread_in_native, id=36232, stack(0x0000005a03300000,0x0000005a03400000)]
  0x000002371ae95800 JavaThread "DestroyJavaVM" [_thread_blocked, id=37380, stack(0x0000005a00400000,0x0000005a00500000)]
  0x000002371ae95000 JavaThread "HikariPool-1 housekeeper" daemon [_thread_blocked, id=25372, stack(0x0000005a01e00000,0x0000005a01f00000)]

Other Threads:
  0x000002377f8e1800 VMThread "VM Thread" [stack: 0x0000005a00a00000,0x0000005a00b00000] [id=27216]
  0x0000023715916000 WatcherThread [stack: 0x0000005a01500000,0x0000005a01600000] [id=5476]
  0x0000023770c56800 GCTaskThread "GC Thread#0" [stack: 0x0000005a00500000,0x0000005a00600000] [id=11844]
  0x000002371625e800 GCTaskThread "GC Thread#1" [stack: 0x0000005a01800000,0x0000005a01900000] [id=33944]
  0x000002371625f800 GCTaskThread "GC Thread#2" [stack: 0x0000005a01900000,0x0000005a01a00000] [id=24140]
  0x0000023715d38000 GCTaskThread "GC Thread#3" [stack: 0x0000005a01a00000,0x0000005a01b00000] [id=36128]
  0x0000023715d39000 GCTaskThread "GC Thread#4" [stack: 0x0000005a01b00000,0x0000005a01c00000] [id=25520]
  0x00000237160ac800 GCTaskThread "GC Thread#5" [stack: 0x0000005a01c00000,0x0000005a01d00000] [id=19700]
  0x00000237162e6800 GCTaskThread "GC Thread#6" [stack: 0x0000005a01f00000,0x0000005a02000000] [id=10836]
  0x0000023716691800 GCTaskThread "GC Thread#7" [stack: 0x0000005a02000000,0x0000005a02100000] [id=29228]
  0x0000023770cb2800 ConcurrentGCThread "G1 Main Marker" [stack: 0x0000005a00600000,0x0000005a00700000] [id=29388]
  0x0000023770cb4800 ConcurrentGCThread "G1 Conc#0" [stack: 0x0000005a00700000,0x0000005a00800000] [id=13660]
  0x0000023716548800 ConcurrentGCThread "G1 Conc#1" [stack: 0x0000005a02100000,0x0000005a02200000] [id=11820]
  0x000002377f7cb800 ConcurrentGCThread "G1 Refine#0" [stack: 0x0000005a00800000,0x0000005a00900000] [id=22692]
  0x0000023716064800 ConcurrentGCThread "G1 Refine#1" [stack: 0x0000005a01d00000,0x0000005a01e00000] [id=23808]
  0x000002377f7cd000 ConcurrentGCThread "G1 Young RemSet Sampling" [stack: 0x0000005a00900000,0x0000005a00a00000] [id=2344]

Threads with active compile tasks:
C2 CompilerThread0  1425322 7194       4       java.lang.ClassLoader::preDefineClass (116 bytes)

VM state:not at safepoint (normal execution)

VM Mutex/Monitor currently owned by a thread: None

Heap address: 0x0000000704800000, size: 4024 MB, Compressed Oops mode: Zero based, Oop shift amount: 3
Narrow klass base: 0x0000000800000000, Narrow klass shift: 0
Compressed class space size: 1073741824 Address: 0x0000000800000000

Heap:
 garbage-first heap   total 258048K, used 89014K [0x0000000704800000, 0x0000000800000000)
  region size 1024K, 79 young (80896K), 13 survivors (13312K)
 Metaspace       used 57581K, capacity 59598K, committed 59696K, reserved 1101824K
  class space    used 6651K, capacity 7472K, committed 7552K, reserved 1048576K
Heap Regions: E=young(eden), S=young(survivor), O=old, HS=humongous(starts), HC=humongous(continues), CS=collection set, F=free, A=archive, TAMS=top-at-mark-start (previous, next)
|   0|0x0000000704800000, 0x0000000704900000, 0x0000000704900000|100%| O|  |TAMS 0x0000000704900000, 0x0000000704800000| Untracked 
|   1|0x0000000704900000, 0x0000000704a00000, 0x0000000704a00000|100%| O|  |TAMS 0x0000000704a00000, 0x0000000704900000| Untracked 
|   2|0x0000000704a00000, 0x0000000704b00000, 0x0000000704b00000|100%| O|  |TAMS 0x0000000704b00000, 0x0000000704a00000| Untracked 
|   3|0x0000000704b00000, 0x0000000704c00000, 0x0000000704c00000|100%| O|  |TAMS 0x0000000704c00000, 0x0000000704b00000| Untracked 
|   4|0x0000000704c00000, 0x0000000704d00000, 0x0000000704d00000|100%| O|  |TAMS 0x0000000704d00000, 0x0000000704c00000| Untracked 
|   5|0x0000000704d00000, 0x0000000704e00000, 0x0000000704e00000|100%| O|  |TAMS 0x0000000704d54800, 0x0000000704d00000| Untracked 
|   6|0x0000000704e00000, 0x0000000704e00000, 0x0000000704f00000|  0%| F|  |TAMS 0x0000000704e00000, 0x0000000704e00000| Untracked 
|   7|0x0000000704f00000, 0x0000000704f00000, 0x0000000705000000|  0%| F|  |TAMS 0x0000000704f00000, 0x0000000704f00000| Untracked 
|   8|0x0000000705000000, 0x0000000705000000, 0x0000000705100000|  0%| F|  |TAMS 0x0000000705000000, 0x0000000705000000| Untracked 
|   9|0x0000000705100000, 0x0000000705100000, 0x0000000705200000|  0%| F|  |TAMS 0x0000000705100000, 0x0000000705100000| Untracked 
|  10|0x0000000705200000, 0x0000000705200000, 0x0000000705300000|  0%| F|  |TAMS 0x0000000705200000, 0x0000000705200000| Untracked 
|  11|0x0000000705300000, 0x0000000705300000, 0x0000000705400000|  0%| F|  |TAMS 0x0000000705300000, 0x0000000705300000| Untracked 
|  12|0x0000000705400000, 0x0000000705400000, 0x0000000705500000|  0%| F|  |TAMS 0x0000000705400000, 0x0000000705400000| Untracked 
|  13|0x0000000705500000, 0x0000000705500000, 0x0000000705600000|  0%| F|  |TAMS 0x0000000705500000, 0x0000000705500000| Untracked 
|  14|0x0000000705600000, 0x0000000705600000, 0x0000000705700000|  0%| F|  |TAMS 0x0000000705600000, 0x0000000705600000| Untracked 
|  15|0x0000000705700000, 0x0000000705700000, 0x0000000705800000|  0%| F|  |TAMS 0x0000000705700000, 0x0000000705700000| Untracked 
|  16|0x0000000705800000, 0x0000000705800000, 0x0000000705900000|  0%| F|  |TAMS 0x0000000705800000, 0x0000000705800000| Untracked 
|  17|0x0000000705900000, 0x0000000705900000, 0x0000000705a00000|  0%| F|  |TAMS 0x0000000705900000, 0x0000000705900000| Untracked 
|  18|0x0000000705a00000, 0x0000000705a00000, 0x0000000705b00000|  0%| F|  |TAMS 0x0000000705a00000, 0x0000000705a00000| Untracked 
|  19|0x0000000705b00000, 0x0000000705b00000, 0x0000000705c00000|  0%| F|  |TAMS 0x0000000705b00000, 0x0000000705b00000| Untracked 
|  20|0x0000000705c00000, 0x0000000705c00000, 0x0000000705d00000|  0%| F|  |TAMS 0x0000000705c00000, 0x0000000705c00000| Untracked 
|  21|0x0000000705d00000, 0x0000000705d00000, 0x0000000705e00000|  0%| F|  |TAMS 0x0000000705d00000, 0x0000000705d00000| Untracked 
|  22|0x0000000705e00000, 0x0000000705e00000, 0x0000000705f00000|  0%| F|  |TAMS 0x0000000705e00000, 0x0000000705e00000| Untracked 
|  23|0x0000000705f00000, 0x0000000705f00000, 0x0000000706000000|  0%| F|  |TAMS 0x0000000705f00000, 0x0000000705f00000| Untracked 
|  24|0x0000000706000000, 0x0000000706000000, 0x0000000706100000|  0%| F|  |TAMS 0x0000000706000000, 0x0000000706000000| Untracked 
|  25|0x0000000706100000, 0x0000000706100000, 0x0000000706200000|  0%| F|  |TAMS 0x0000000706100000, 0x0000000706100000| Untracked 
|  26|0x0000000706200000, 0x0000000706200000, 0x0000000706300000|  0%| F|  |TAMS 0x0000000706200000, 0x0000000706200000| Untracked 
|  27|0x0000000706300000, 0x0000000706300000, 0x0000000706400000|  0%| F|  |TAMS 0x0000000706300000, 0x0000000706300000| Untracked 
|  28|0x0000000706400000, 0x0000000706400000, 0x0000000706500000|  0%| F|  |TAMS 0x0000000706400000, 0x0000000706400000| Untracked 
|  29|0x0000000706500000, 0x0000000706500000, 0x0000000706600000|  0%| F|  |TAMS 0x0000000706500000, 0x0000000706500000| Untracked 
|  30|0x0000000706600000, 0x0000000706600000, 0x0000000706700000|  0%| F|  |TAMS 0x0000000706600000, 0x0000000706600000| Untracked 
|  31|0x0000000706700000, 0x0000000706700000, 0x0000000706800000|  0%| F|  |TAMS 0x0000000706700000, 0x0000000706700000| Untracked 
|  32|0x0000000706800000, 0x0000000706800000, 0x0000000706900000|  0%| F|  |TAMS 0x0000000706800000, 0x0000000706800000| Untracked 
|  33|0x0000000706900000, 0x0000000706900000, 0x0000000706a00000|  0%| F|  |TAMS 0x0000000706900000, 0x0000000706900000| Untracked 
|  34|0x0000000706a00000, 0x0000000706a00000, 0x0000000706b00000|  0%| F|  |TAMS 0x0000000706a00000, 0x0000000706a00000| Untracked 
|  35|0x0000000706b00000, 0x0000000706b00000, 0x0000000706c00000|  0%| F|  |TAMS 0x0000000706b00000, 0x0000000706b00000| Untracked 
|  36|0x0000000706c00000, 0x0000000706c00000, 0x0000000706d00000|  0%| F|  |TAMS 0x0000000706c00000, 0x0000000706c00000| Untracked 
|  37|0x0000000706d00000, 0x0000000706d00000, 0x0000000706e00000|  0%| F|  |TAMS 0x0000000706d00000, 0x0000000706d00000| Untracked 
|  38|0x0000000706e00000, 0x0000000706e00000, 0x0000000706f00000|  0%| F|  |TAMS 0x0000000706e00000, 0x0000000706e00000| Untracked 
|  39|0x0000000706f00000, 0x0000000707000000, 0x0000000707000000|100%| O|  |TAMS 0x0000000706f00000, 0x0000000706f00000| Untracked 
|  40|0x0000000707000000, 0x0000000707100000, 0x0000000707100000|100%| O|  |TAMS 0x0000000707000000, 0x0000000707000000| Untracked 
|  41|0x0000000707100000, 0x0000000707200000, 0x0000000707200000|100%| O|  |TAMS 0x0000000707100000, 0x0000000707100000| Untracked 
|  42|0x0000000707200000, 0x0000000707223000, 0x0000000707300000| 13%| O|  |TAMS 0x0000000707200000, 0x0000000707200000| Untracked 
|  43|0x0000000707300000, 0x0000000707300000, 0x0000000707400000|  0%| F|  |TAMS 0x0000000707300000, 0x0000000707300000| Untracked 
|  44|0x0000000707400000, 0x0000000707400000, 0x0000000707500000|  0%| F|  |TAMS 0x0000000707400000, 0x0000000707400000| Untracked 
|  45|0x0000000707500000, 0x0000000707500000, 0x0000000707600000|  0%| F|  |TAMS 0x0000000707500000, 0x0000000707500000| Untracked 
|  46|0x0000000707600000, 0x0000000707600000, 0x0000000707700000|  0%| F|  |TAMS 0x0000000707600000, 0x0000000707600000| Untracked 
|  47|0x0000000707700000, 0x0000000707700000, 0x0000000707800000|  0%| F|  |TAMS 0x0000000707700000, 0x0000000707700000| Untracked 
|  48|0x0000000707800000, 0x0000000707800000, 0x0000000707900000|  0%| F|  |TAMS 0x0000000707800000, 0x0000000707800000| Untracked 
|  49|0x0000000707900000, 0x0000000707900000, 0x0000000707a00000|  0%| F|  |TAMS 0x0000000707900000, 0x0000000707900000| Untracked 
|  50|0x0000000707a00000, 0x0000000707a00000, 0x0000000707b00000|  0%| F|  |TAMS 0x0000000707a00000, 0x0000000707a00000| Untracked 
|  51|0x0000000707b00000, 0x0000000707b00000, 0x0000000707c00000|  0%| F|  |TAMS 0x0000000707b00000, 0x0000000707b00000| Untracked 
|  52|0x0000000707c00000, 0x0000000707c00000, 0x0000000707d00000|  0%| F|  |TAMS 0x0000000707c00000, 0x0000000707c00000| Untracked 
|  53|0x0000000707d00000, 0x0000000707d00000, 0x0000000707e00000|  0%| F|  |TAMS 0x0000000707d00000, 0x0000000707d00000| Untracked 
|  54|0x0000000707e00000, 0x0000000707e00000, 0x0000000707f00000|  0%| F|  |TAMS 0x0000000707e00000, 0x0000000707e00000| Untracked 
|  55|0x0000000707f00000, 0x0000000707f00000, 0x0000000708000000|  0%| F|  |TAMS 0x0000000707f00000, 0x0000000707f00000| Untracked 
|  56|0x0000000708000000, 0x0000000708000000, 0x0000000708100000|  0%| F|  |TAMS 0x0000000708000000, 0x0000000708000000| Untracked 
|  57|0x0000000708100000, 0x0000000708100000, 0x0000000708200000|  0%| F|  |TAMS 0x0000000708100000, 0x0000000708100000| Untracked 
|  58|0x0000000708200000, 0x0000000708200000, 0x0000000708300000|  0%| F|  |TAMS 0x0000000708200000, 0x0000000708200000| Untracked 
|  59|0x0000000708300000, 0x0000000708300000, 0x0000000708400000|  0%| F|  |TAMS 0x0000000708300000, 0x0000000708300000| Untracked 
|  60|0x0000000708400000, 0x0000000708400000, 0x0000000708500000|  0%| F|  |TAMS 0x0000000708400000, 0x0000000708400000| Untracked 
|  61|0x0000000708500000, 0x0000000708500000, 0x0000000708600000|  0%| F|  |TAMS 0x0000000708500000, 0x0000000708500000| Untracked 
|  62|0x0000000708600000, 0x0000000708600000, 0x0000000708700000|  0%| F|  |TAMS 0x0000000708600000, 0x0000000708600000| Untracked 
|  63|0x0000000708700000, 0x0000000708700000, 0x0000000708800000|  0%| F|  |TAMS 0x0000000708700000, 0x0000000708700000| Untracked 
|  64|0x0000000708800000, 0x0000000708800000, 0x0000000708900000|  0%| F|  |TAMS 0x0000000708800000, 0x0000000708800000| Untracked 
|  65|0x0000000708900000, 0x0000000708900000, 0x0000000708a00000|  0%| F|  |TAMS 0x0000000708900000, 0x0000000708900000| Untracked 
|  66|0x0000000708a00000, 0x0000000708a00000, 0x0000000708b00000|  0%| F|  |TAMS 0x0000000708a00000, 0x0000000708a00000| Untracked 
|  67|0x0000000708b00000, 0x0000000708b00000, 0x0000000708c00000|  0%| F|  |TAMS 0x0000000708b00000, 0x0000000708b00000| Untracked 
|  68|0x0000000708c00000, 0x0000000708c00000, 0x0000000708d00000|  0%| F|  |TAMS 0x0000000708c00000, 0x0000000708c00000| Untracked 
|  69|0x0000000708d00000, 0x0000000708d00000, 0x0000000708e00000|  0%| F|  |TAMS 0x0000000708d00000, 0x0000000708d00000| Untracked 
|  70|0x0000000708e00000, 0x0000000708e00000, 0x0000000708f00000|  0%| F|  |TAMS 0x0000000708e00000, 0x0000000708e00000| Untracked 
|  71|0x0000000708f00000, 0x0000000708f00000, 0x0000000709000000|  0%| F|  |TAMS 0x0000000708f00000, 0x0000000708f00000| Untracked 
|  72|0x0000000709000000, 0x0000000709000000, 0x0000000709100000|  0%| F|  |TAMS 0x0000000709000000, 0x0000000709000000| Untracked 
|  73|0x0000000709100000, 0x0000000709100000, 0x0000000709200000|  0%| F|  |TAMS 0x0000000709100000, 0x0000000709100000| Untracked 
|  74|0x0000000709200000, 0x0000000709200000, 0x0000000709300000|  0%| F|  |TAMS 0x0000000709200000, 0x0000000709200000| Untracked 
|  75|0x0000000709300000, 0x0000000709300000, 0x0000000709400000|  0%| F|  |TAMS 0x0000000709300000, 0x0000000709300000| Untracked 
|  76|0x0000000709400000, 0x0000000709400000, 0x0000000709500000|  0%| F|  |TAMS 0x0000000709400000, 0x0000000709400000| Untracked 
|  77|0x0000000709500000, 0x0000000709500000, 0x0000000709600000|  0%| F|  |TAMS 0x0000000709500000, 0x0000000709500000| Untracked 
|  78|0x0000000709600000, 0x0000000709600000, 0x0000000709700000|  0%| F|  |TAMS 0x0000000709600000, 0x0000000709600000| Untracked 
|  79|0x0000000709700000, 0x0000000709700000, 0x0000000709800000|  0%| F|  |TAMS 0x0000000709700000, 0x0000000709700000| Untracked 
|  80|0x0000000709800000, 0x0000000709800000, 0x0000000709900000|  0%| F|  |TAMS 0x0000000709800000, 0x0000000709800000| Untracked 
|  81|0x0000000709900000, 0x0000000709900000, 0x0000000709a00000|  0%| F|  |TAMS 0x0000000709900000, 0x0000000709900000| Untracked 
|  82|0x0000000709a00000, 0x0000000709a00000, 0x0000000709b00000|  0%| F|  |TAMS 0x0000000709a00000, 0x0000000709a00000| Untracked 
|  83|0x0000000709b00000, 0x0000000709b00000, 0x0000000709c00000|  0%| F|  |TAMS 0x0000000709b00000, 0x0000000709b00000| Untracked 
|  84|0x0000000709c00000, 0x0000000709c00000, 0x0000000709d00000|  0%| F|  |TAMS 0x0000000709c00000, 0x0000000709c00000| Untracked 
|  85|0x0000000709d00000, 0x0000000709d00000, 0x0000000709e00000|  0%| F|  |TAMS 0x0000000709d00000, 0x0000000709d00000| Untracked 
|  86|0x0000000709e00000, 0x0000000709e00000, 0x0000000709f00000|  0%| F|  |TAMS 0x0000000709e00000, 0x0000000709e00000| Untracked 
|  87|0x0000000709f00000, 0x0000000709f00000, 0x000000070a000000|  0%| F|  |TAMS 0x0000000709f00000, 0x0000000709f00000| Untracked 
|  88|0x000000070a000000, 0x000000070a0caa58, 0x000000070a100000| 79%| S|CS|TAMS 0x000000070a000000, 0x000000070a000000| Complete 
|  89|0x000000070a100000, 0x000000070a200000, 0x000000070a200000|100%| S|CS|TAMS 0x000000070a100000, 0x000000070a100000| Complete 
|  90|0x000000070a200000, 0x000000070a300000, 0x000000070a300000|100%| S|CS|TAMS 0x000000070a200000, 0x000000070a200000| Complete 
|  91|0x000000070a300000, 0x000000070a400000, 0x000000070a400000|100%| S|CS|TAMS 0x000000070a300000, 0x000000070a300000| Complete 
|  92|0x000000070a400000, 0x000000070a500000, 0x000000070a500000|100%| S|CS|TAMS 0x000000070a400000, 0x000000070a400000| Complete 
|  93|0x000000070a500000, 0x000000070a600000, 0x000000070a600000|100%| S|CS|TAMS 0x000000070a500000, 0x000000070a500000| Complete 
|  94|0x000000070a600000, 0x000000070a700000, 0x000000070a700000|100%| S|CS|TAMS 0x000000070a600000, 0x000000070a600000| Complete 
|  95|0x000000070a700000, 0x000000070a800000, 0x000000070a800000|100%| S|CS|TAMS 0x000000070a700000, 0x000000070a700000| Complete 
|  96|0x000000070a800000, 0x000000070a900000, 0x000000070a900000|100%| S|CS|TAMS 0x000000070a800000, 0x000000070a800000| Complete 
|  97|0x000000070a900000, 0x000000070aa00000, 0x000000070aa00000|100%| S|CS|TAMS 0x000000070a900000, 0x000000070a900000| Complete 
|  98|0x000000070aa00000, 0x000000070ab00000, 0x000000070ab00000|100%| S|CS|TAMS 0x000000070aa00000, 0x000000070aa00000| Complete 
|  99|0x000000070ab00000, 0x000000070ac00000, 0x000000070ac00000|100%| S|CS|TAMS 0x000000070ab00000, 0x000000070ab00000| Complete 
| 100|0x000000070ac00000, 0x000000070ad00000, 0x000000070ad00000|100%| S|CS|TAMS 0x000000070ac00000, 0x000000070ac00000| Complete 
| 101|0x000000070ad00000, 0x000000070ad00000, 0x000000070ae00000|  0%| F|  |TAMS 0x000000070ad00000, 0x000000070ad00000| Untracked 
| 102|0x000000070ae00000, 0x000000070ae00000, 0x000000070af00000|  0%| F|  |TAMS 0x000000070ae00000, 0x000000070ae00000| Untracked 
| 103|0x000000070af00000, 0x000000070af00000, 0x000000070b000000|  0%| F|  |TAMS 0x000000070af00000, 0x000000070af00000| Untracked 
| 104|0x000000070b000000, 0x000000070b000000, 0x000000070b100000|  0%| F|  |TAMS 0x000000070b000000, 0x000000070b000000| Untracked 
| 105|0x000000070b100000, 0x000000070b100000, 0x000000070b200000|  0%| F|  |TAMS 0x000000070b100000, 0x000000070b100000| Untracked 
| 106|0x000000070b200000, 0x000000070b200000, 0x000000070b300000|  0%| F|  |TAMS 0x000000070b200000, 0x000000070b200000| Untracked 
| 107|0x000000070b300000, 0x000000070b300000, 0x000000070b400000|  0%| F|  |TAMS 0x000000070b300000, 0x000000070b300000| Untracked 
| 108|0x000000070b400000, 0x000000070b400000, 0x000000070b500000|  0%| F|  |TAMS 0x000000070b400000, 0x000000070b400000| Untracked 
| 109|0x000000070b500000, 0x000000070b500000, 0x000000070b600000|  0%| F|  |TAMS 0x000000070b500000, 0x000000070b500000| Untracked 
| 110|0x000000070b600000, 0x000000070b600000, 0x000000070b700000|  0%| F|  |TAMS 0x000000070b600000, 0x000000070b600000| Untracked 
| 111|0x000000070b700000, 0x000000070b700000, 0x000000070b800000|  0%| F|  |TAMS 0x000000070b700000, 0x000000070b700000| Untracked 
| 112|0x000000070b800000, 0x000000070b800000, 0x000000070b900000|  0%| F|  |TAMS 0x000000070b800000, 0x000000070b800000| Untracked 
| 113|0x000000070b900000, 0x000000070b900000, 0x000000070ba00000|  0%| F|  |TAMS 0x000000070b900000, 0x000000070b900000| Untracked 
| 114|0x000000070ba00000, 0x000000070ba00000, 0x000000070bb00000|  0%| F|  |TAMS 0x000000070ba00000, 0x000000070ba00000| Untracked 
| 115|0x000000070bb00000, 0x000000070bb00000, 0x000000070bc00000|  0%| F|  |TAMS 0x000000070bb00000, 0x000000070bb00000| Untracked 
| 116|0x000000070bc00000, 0x000000070bc00000, 0x000000070bd00000|  0%| F|  |TAMS 0x000000070bc00000, 0x000000070bc00000| Untracked 
| 117|0x000000070bd00000, 0x000000070bd00000, 0x000000070be00000|  0%| F|  |TAMS 0x000000070bd00000, 0x000000070bd00000| Untracked 
| 118|0x000000070be00000, 0x000000070be00000, 0x000000070bf00000|  0%| F|  |TAMS 0x000000070be00000, 0x000000070be00000| Untracked 
| 119|0x000000070bf00000, 0x000000070bf00000, 0x000000070c000000|  0%| F|  |TAMS 0x000000070bf00000, 0x000000070bf00000| Untracked 
| 120|0x000000070c000000, 0x000000070c000000, 0x000000070c100000|  0%| F|  |TAMS 0x000000070c000000, 0x000000070c000000| Untracked 
| 121|0x000000070c100000, 0x000000070c100000, 0x000000070c200000|  0%| F|  |TAMS 0x000000070c100000, 0x000000070c100000| Untracked 
| 122|0x000000070c200000, 0x000000070c200000, 0x000000070c300000|  0%| F|  |TAMS 0x000000070c200000, 0x000000070c200000| Untracked 
| 123|0x000000070c300000, 0x000000070c300000, 0x000000070c400000|  0%| F|  |TAMS 0x000000070c300000, 0x000000070c300000| Untracked 
| 124|0x000000070c400000, 0x000000070c400000, 0x000000070c500000|  0%| F|  |TAMS 0x000000070c400000, 0x000000070c400000| Untracked 
| 125|0x000000070c500000, 0x000000070c500000, 0x000000070c600000|  0%| F|  |TAMS 0x000000070c500000, 0x000000070c500000| Untracked 
| 126|0x000000070c600000, 0x000000070c600000, 0x000000070c700000|  0%| F|  |TAMS 0x000000070c600000, 0x000000070c600000| Untracked 
| 127|0x000000070c700000, 0x000000070c700000, 0x000000070c800000|  0%| F|  |TAMS 0x000000070c700000, 0x000000070c700000| Untracked 
| 128|0x000000070c800000, 0x000000070c800000, 0x000000070c900000|  0%| F|  |TAMS 0x000000070c800000, 0x000000070c800000| Untracked 
| 129|0x000000070c900000, 0x000000070c900000, 0x000000070ca00000|  0%| F|  |TAMS 0x000000070c900000, 0x000000070c900000| Untracked 
| 130|0x000000070ca00000, 0x000000070ca00000, 0x000000070cb00000|  0%| F|  |TAMS 0x000000070ca00000, 0x000000070ca00000| Untracked 
| 131|0x000000070cb00000, 0x000000070cb00000, 0x000000070cc00000|  0%| F|  |TAMS 0x000000070cb00000, 0x000000070cb00000| Untracked 
| 132|0x000000070cc00000, 0x000000070cc00000, 0x000000070cd00000|  0%| F|  |TAMS 0x000000070cc00000, 0x000000070cc00000| Untracked 
| 133|0x000000070cd00000, 0x000000070cd00000, 0x000000070ce00000|  0%| F|  |TAMS 0x000000070cd00000, 0x000000070cd00000| Untracked 
| 134|0x000000070ce00000, 0x000000070ce00000, 0x000000070cf00000|  0%| F|  |TAMS 0x000000070ce00000, 0x000000070ce00000| Untracked 
| 135|0x000000070cf00000, 0x000000070cf00000, 0x000000070d000000|  0%| F|  |TAMS 0x000000070cf00000, 0x000000070cf00000| Untracked 
| 136|0x000000070d000000, 0x000000070d000000, 0x000000070d100000|  0%| F|  |TAMS 0x000000070d000000, 0x000000070d000000| Untracked 
| 137|0x000000070d100000, 0x000000070d100000, 0x000000070d200000|  0%| F|  |TAMS 0x000000070d100000, 0x000000070d100000| Untracked 
| 138|0x000000070d200000, 0x000000070d200000, 0x000000070d300000|  0%| F|  |TAMS 0x000000070d200000, 0x000000070d200000| Untracked 
| 139|0x000000070d300000, 0x000000070d300000, 0x000000070d400000|  0%| F|  |TAMS 0x000000070d300000, 0x000000070d300000| Untracked 
| 140|0x000000070d400000, 0x000000070d400000, 0x000000070d500000|  0%| F|  |TAMS 0x000000070d400000, 0x000000070d400000| Untracked 
| 141|0x000000070d500000, 0x000000070d500000, 0x000000070d600000|  0%| F|  |TAMS 0x000000070d500000, 0x000000070d500000| Untracked 
| 142|0x000000070d600000, 0x000000070d600000, 0x000000070d700000|  0%| F|  |TAMS 0x000000070d600000, 0x000000070d600000| Untracked 
| 143|0x000000070d700000, 0x000000070d700000, 0x000000070d800000|  0%| F|  |TAMS 0x000000070d700000, 0x000000070d700000| Untracked 
| 144|0x000000070d800000, 0x000000070d800000, 0x000000070d900000|  0%| F|  |TAMS 0x000000070d800000, 0x000000070d800000| Untracked 
| 145|0x000000070d900000, 0x000000070d900000, 0x000000070da00000|  0%| F|  |TAMS 0x000000070d900000, 0x000000070d900000| Untracked 
| 146|0x000000070da00000, 0x000000070da00000, 0x000000070db00000|  0%| F|  |TAMS 0x000000070da00000, 0x000000070da00000| Untracked 
| 147|0x000000070db00000, 0x000000070db00000, 0x000000070dc00000|  0%| F|  |TAMS 0x000000070db00000, 0x000000070db00000| Untracked 
| 148|0x000000070dc00000, 0x000000070dc00000, 0x000000070dd00000|  0%| F|  |TAMS 0x000000070dc00000, 0x000000070dc00000| Untracked 
| 149|0x000000070dd00000, 0x000000070dd00000, 0x000000070de00000|  0%| F|  |TAMS 0x000000070dd00000, 0x000000070dd00000| Untracked 
| 150|0x000000070de00000, 0x000000070de00000, 0x000000070df00000|  0%| F|  |TAMS 0x000000070de00000, 0x000000070de00000| Untracked 
| 151|0x000000070df00000, 0x000000070df00000, 0x000000070e000000|  0%| F|  |TAMS 0x000000070df00000, 0x000000070df00000| Untracked 
| 152|0x000000070e000000, 0x000000070e000000, 0x000000070e100000|  0%| F|  |TAMS 0x000000070e000000, 0x000000070e000000| Untracked 
| 153|0x000000070e100000, 0x000000070e100000, 0x000000070e200000|  0%| F|  |TAMS 0x000000070e100000, 0x000000070e100000| Untracked 
| 154|0x000000070e200000, 0x000000070e200000, 0x000000070e300000|  0%| F|  |TAMS 0x000000070e200000, 0x000000070e200000| Untracked 
| 155|0x000000070e300000, 0x000000070e300000, 0x000000070e400000|  0%| F|  |TAMS 0x000000070e300000, 0x000000070e300000| Untracked 
| 156|0x000000070e400000, 0x000000070e400000, 0x000000070e500000|  0%| F|  |TAMS 0x000000070e400000, 0x000000070e400000| Untracked 
| 157|0x000000070e500000, 0x000000070e500000, 0x000000070e600000|  0%| F|  |TAMS 0x000000070e500000, 0x000000070e500000| Untracked 
| 158|0x000000070e600000, 0x000000070e600000, 0x000000070e700000|  0%| F|  |TAMS 0x000000070e600000, 0x000000070e600000| Untracked 
| 159|0x000000070e700000, 0x000000070e700000, 0x000000070e800000|  0%| F|  |TAMS 0x000000070e700000, 0x000000070e700000| Untracked 
| 160|0x000000070e800000, 0x000000070e800000, 0x000000070e900000|  0%| F|  |TAMS 0x000000070e800000, 0x000000070e800000| Untracked 
| 161|0x000000070e900000, 0x000000070e900000, 0x000000070ea00000|  0%| F|  |TAMS 0x000000070e900000, 0x000000070e900000| Untracked 
| 162|0x000000070ea00000, 0x000000070ea00000, 0x000000070eb00000|  0%| F|  |TAMS 0x000000070ea00000, 0x000000070ea00000| Untracked 
| 163|0x000000070eb00000, 0x000000070eb00000, 0x000000070ec00000|  0%| F|  |TAMS 0x000000070eb00000, 0x000000070eb00000| Untracked 
| 164|0x000000070ec00000, 0x000000070ec00000, 0x000000070ed00000|  0%| F|  |TAMS 0x000000070ec00000, 0x000000070ec00000| Untracked 
| 165|0x000000070ed00000, 0x000000070ed00000, 0x000000070ee00000|  0%| F|  |TAMS 0x000000070ed00000, 0x000000070ed00000| Untracked 
| 166|0x000000070ee00000, 0x000000070ee00000, 0x000000070ef00000|  0%| F|  |TAMS 0x000000070ee00000, 0x000000070ee00000| Untracked 
| 167|0x000000070ef00000, 0x000000070ef00000, 0x000000070f000000|  0%| F|  |TAMS 0x000000070ef00000, 0x000000070ef00000| Untracked 
| 168|0x000000070f000000, 0x000000070f000000, 0x000000070f100000|  0%| F|  |TAMS 0x000000070f000000, 0x000000070f000000| Untracked 
| 169|0x000000070f100000, 0x000000070f100000, 0x000000070f200000|  0%| F|  |TAMS 0x000000070f100000, 0x000000070f100000| Untracked 
| 170|0x000000070f200000, 0x000000070f200000, 0x000000070f300000|  0%| F|  |TAMS 0x000000070f200000, 0x000000070f200000| Untracked 
| 171|0x000000070f300000, 0x000000070f300000, 0x000000070f400000|  0%| F|  |TAMS 0x000000070f300000, 0x000000070f300000| Untracked 
| 172|0x000000070f400000, 0x000000070f400000, 0x000000070f500000|  0%| F|  |TAMS 0x000000070f400000, 0x000000070f400000| Untracked 
| 173|0x000000070f500000, 0x000000070f500000, 0x000000070f600000|  0%| F|  |TAMS 0x000000070f500000, 0x000000070f500000| Untracked 
| 174|0x000000070f600000, 0x000000070f600000, 0x000000070f700000|  0%| F|  |TAMS 0x000000070f600000, 0x000000070f600000| Untracked 
| 175|0x000000070f700000, 0x000000070f700000, 0x000000070f800000|  0%| F|  |TAMS 0x000000070f700000, 0x000000070f700000| Untracked 
| 176|0x000000070f800000, 0x000000070f800000, 0x000000070f900000|  0%| F|  |TAMS 0x000000070f800000, 0x000000070f800000| Untracked 
| 177|0x000000070f900000, 0x000000070f900000, 0x000000070fa00000|  0%| F|  |TAMS 0x000000070f900000, 0x000000070f900000| Untracked 
| 178|0x000000070fa00000, 0x000000070fa00000, 0x000000070fb00000|  0%| F|  |TAMS 0x000000070fa00000, 0x000000070fa00000| Untracked 
| 179|0x000000070fb00000, 0x000000070fb00000, 0x000000070fc00000|  0%| F|  |TAMS 0x000000070fb00000, 0x000000070fb00000| Untracked 
| 180|0x000000070fc00000, 0x000000070fc00000, 0x000000070fd00000|  0%| F|  |TAMS 0x000000070fc00000, 0x000000070fc00000| Untracked 
| 181|0x000000070fd00000, 0x000000070fd00000, 0x000000070fe00000|  0%| F|  |TAMS 0x000000070fd00000, 0x000000070fd00000| Untracked 
| 182|0x000000070fe00000, 0x000000070fe00000, 0x000000070ff00000|  0%| F|  |TAMS 0x000000070fe00000, 0x000000070fe00000| Untracked 
| 183|0x000000070ff00000, 0x000000070ff00000, 0x0000000710000000|  0%| F|  |TAMS 0x000000070ff00000, 0x000000070ff00000| Untracked 
| 184|0x0000000710000000, 0x0000000710000000, 0x0000000710100000|  0%| F|  |TAMS 0x0000000710000000, 0x0000000710000000| Untracked 
| 185|0x0000000710100000, 0x0000000710100000, 0x0000000710200000|  0%| F|  |TAMS 0x0000000710100000, 0x0000000710100000| Untracked 
| 186|0x0000000710200000, 0x00000007102f4e68, 0x0000000710300000| 95%| E|  |TAMS 0x0000000710200000, 0x0000000710200000| Complete 
| 187|0x0000000710300000, 0x0000000710400000, 0x0000000710400000|100%| E|CS|TAMS 0x0000000710300000, 0x0000000710300000| Complete 
| 188|0x0000000710400000, 0x0000000710500000, 0x0000000710500000|100%| E|CS|TAMS 0x0000000710400000, 0x0000000710400000| Complete 
| 189|0x0000000710500000, 0x0000000710600000, 0x0000000710600000|100%| E|CS|TAMS 0x0000000710500000, 0x0000000710500000| Complete 
| 190|0x0000000710600000, 0x0000000710700000, 0x0000000710700000|100%| E|CS|TAMS 0x0000000710600000, 0x0000000710600000| Complete 
| 191|0x0000000710700000, 0x0000000710800000, 0x0000000710800000|100%| E|CS|TAMS 0x0000000710700000, 0x0000000710700000| Complete 
| 192|0x0000000710800000, 0x0000000710900000, 0x0000000710900000|100%| E|CS|TAMS 0x0000000710800000, 0x0000000710800000| Complete 
| 193|0x0000000710900000, 0x0000000710a00000, 0x0000000710a00000|100%| E|CS|TAMS 0x0000000710900000, 0x0000000710900000| Complete 
| 194|0x0000000710a00000, 0x0000000710b00000, 0x0000000710b00000|100%| E|CS|TAMS 0x0000000710a00000, 0x0000000710a00000| Complete 
| 195|0x0000000710b00000, 0x0000000710c00000, 0x0000000710c00000|100%| E|CS|TAMS 0x0000000710b00000, 0x0000000710b00000| Complete 
| 196|0x0000000710c00000, 0x0000000710d00000, 0x0000000710d00000|100%| E|CS|TAMS 0x0000000710c00000, 0x0000000710c00000| Complete 
| 197|0x0000000710d00000, 0x0000000710e00000, 0x0000000710e00000|100%| E|CS|TAMS 0x0000000710d00000, 0x0000000710d00000| Complete 
| 198|0x0000000710e00000, 0x0000000710f00000, 0x0000000710f00000|100%| E|CS|TAMS 0x0000000710e00000, 0x0000000710e00000| Complete 
| 199|0x0000000710f00000, 0x0000000711000000, 0x0000000711000000|100%| E|CS|TAMS 0x0000000710f00000, 0x0000000710f00000| Complete 
| 200|0x0000000711000000, 0x0000000711100000, 0x0000000711100000|100%| E|CS|TAMS 0x0000000711000000, 0x0000000711000000| Complete 
| 201|0x0000000711100000, 0x0000000711200000, 0x0000000711200000|100%| E|CS|TAMS 0x0000000711100000, 0x0000000711100000| Complete 
| 202|0x0000000711200000, 0x0000000711300000, 0x0000000711300000|100%| E|CS|TAMS 0x0000000711200000, 0x0000000711200000| Complete 
| 203|0x0000000711300000, 0x0000000711400000, 0x0000000711400000|100%| E|CS|TAMS 0x0000000711300000, 0x0000000711300000| Complete 
| 204|0x0000000711400000, 0x0000000711500000, 0x0000000711500000|100%| E|CS|TAMS 0x0000000711400000, 0x0000000711400000| Complete 
| 205|0x0000000711500000, 0x0000000711600000, 0x0000000711600000|100%| E|CS|TAMS 0x0000000711500000, 0x0000000711500000| Complete 
| 206|0x0000000711600000, 0x0000000711700000, 0x0000000711700000|100%| E|CS|TAMS 0x0000000711600000, 0x0000000711600000| Complete 
| 207|0x0000000711700000, 0x0000000711800000, 0x0000000711800000|100%| E|CS|TAMS 0x0000000711700000, 0x0000000711700000| Complete 
| 208|0x0000000711800000, 0x0000000711900000, 0x0000000711900000|100%| E|CS|TAMS 0x0000000711800000, 0x0000000711800000| Complete 
| 209|0x0000000711900000, 0x0000000711a00000, 0x0000000711a00000|100%| E|CS|TAMS 0x0000000711900000, 0x0000000711900000| Complete 
| 210|0x0000000711a00000, 0x0000000711b00000, 0x0000000711b00000|100%| E|CS|TAMS 0x0000000711a00000, 0x0000000711a00000| Complete 
| 211|0x0000000711b00000, 0x0000000711c00000, 0x0000000711c00000|100%| E|CS|TAMS 0x0000000711b00000, 0x0000000711b00000| Complete 
| 212|0x0000000711c00000, 0x0000000711d00000, 0x0000000711d00000|100%| E|CS|TAMS 0x0000000711c00000, 0x0000000711c00000| Complete 
| 213|0x0000000711d00000, 0x0000000711e00000, 0x0000000711e00000|100%| E|CS|TAMS 0x0000000711d00000, 0x0000000711d00000| Complete 
| 214|0x0000000711e00000, 0x0000000711f00000, 0x0000000711f00000|100%| E|CS|TAMS 0x0000000711e00000, 0x0000000711e00000| Complete 
| 215|0x0000000711f00000, 0x0000000712000000, 0x0000000712000000|100%| E|CS|TAMS 0x0000000711f00000, 0x0000000711f00000| Complete 
| 216|0x0000000712000000, 0x0000000712100000, 0x0000000712100000|100%| E|CS|TAMS 0x0000000712000000, 0x0000000712000000| Complete 
| 217|0x0000000712100000, 0x0000000712200000, 0x0000000712200000|100%| E|CS|TAMS 0x0000000712100000, 0x0000000712100000| Complete 
| 218|0x0000000712200000, 0x0000000712300000, 0x0000000712300000|100%| E|CS|TAMS 0x0000000712200000, 0x0000000712200000| Complete 
| 219|0x0000000712300000, 0x0000000712400000, 0x0000000712400000|100%| E|CS|TAMS 0x0000000712300000, 0x0000000712300000| Complete 
| 220|0x0000000712400000, 0x0000000712500000, 0x0000000712500000|100%| E|CS|TAMS 0x0000000712400000, 0x0000000712400000| Complete 
| 221|0x0000000712500000, 0x0000000712600000, 0x0000000712600000|100%| E|CS|TAMS 0x0000000712500000, 0x0000000712500000| Complete 
| 222|0x0000000712600000, 0x0000000712700000, 0x0000000712700000|100%| E|CS|TAMS 0x0000000712600000, 0x0000000712600000| Complete 
| 223|0x0000000712700000, 0x0000000712800000, 0x0000000712800000|100%| E|CS|TAMS 0x0000000712700000, 0x0000000712700000| Complete 
| 224|0x0000000712800000, 0x0000000712900000, 0x0000000712900000|100%| E|CS|TAMS 0x0000000712800000, 0x0000000712800000| Complete 
| 225|0x0000000712900000, 0x0000000712a00000, 0x0000000712a00000|100%| E|CS|TAMS 0x0000000712900000, 0x0000000712900000| Complete 
| 226|0x0000000712a00000, 0x0000000712b00000, 0x0000000712b00000|100%| E|CS|TAMS 0x0000000712a00000, 0x0000000712a00000| Complete 
| 227|0x0000000712b00000, 0x0000000712c00000, 0x0000000712c00000|100%| E|CS|TAMS 0x0000000712b00000, 0x0000000712b00000| Complete 
| 228|0x0000000712c00000, 0x0000000712d00000, 0x0000000712d00000|100%| E|CS|TAMS 0x0000000712c00000, 0x0000000712c00000| Complete 
| 229|0x0000000712d00000, 0x0000000712e00000, 0x0000000712e00000|100%| E|CS|TAMS 0x0000000712d00000, 0x0000000712d00000| Complete 
| 230|0x0000000712e00000, 0x0000000712f00000, 0x0000000712f00000|100%| E|CS|TAMS 0x0000000712e00000, 0x0000000712e00000| Complete 
| 231|0x0000000712f00000, 0x0000000713000000, 0x0000000713000000|100%| E|CS|TAMS 0x0000000712f00000, 0x0000000712f00000| Complete 
| 232|0x0000000713000000, 0x0000000713100000, 0x0000000713100000|100%| E|CS|TAMS 0x0000000713000000, 0x0000000713000000| Complete 
| 233|0x0000000713100000, 0x0000000713200000, 0x0000000713200000|100%| E|CS|TAMS 0x0000000713100000, 0x0000000713100000| Complete 
| 234|0x0000000713200000, 0x0000000713300000, 0x0000000713300000|100%| E|CS|TAMS 0x0000000713200000, 0x0000000713200000| Complete 
| 235|0x0000000713300000, 0x0000000713400000, 0x0000000713400000|100%| E|CS|TAMS 0x0000000713300000, 0x0000000713300000| Complete 
| 236|0x0000000713400000, 0x0000000713500000, 0x0000000713500000|100%| E|CS|TAMS 0x0000000713400000, 0x0000000713400000| Complete 
| 237|0x0000000713500000, 0x0000000713600000, 0x0000000713600000|100%| E|CS|TAMS 0x0000000713500000, 0x0000000713500000| Complete 
| 238|0x0000000713600000, 0x0000000713700000, 0x0000000713700000|100%| E|CS|TAMS 0x0000000713600000, 0x0000000713600000| Complete 
| 239|0x0000000713700000, 0x0000000713800000, 0x0000000713800000|100%| E|CS|TAMS 0x0000000713700000, 0x0000000713700000| Complete 
| 240|0x0000000713800000, 0x0000000713900000, 0x0000000713900000|100%| E|CS|TAMS 0x0000000713800000, 0x0000000713800000| Complete 
| 241|0x0000000713900000, 0x0000000713a00000, 0x0000000713a00000|100%| E|CS|TAMS 0x0000000713900000, 0x0000000713900000| Complete 
| 242|0x0000000713a00000, 0x0000000713b00000, 0x0000000713b00000|100%| E|CS|TAMS 0x0000000713a00000, 0x0000000713a00000| Complete 
| 243|0x0000000713b00000, 0x0000000713c00000, 0x0000000713c00000|100%| E|CS|TAMS 0x0000000713b00000, 0x0000000713b00000| Complete 
| 244|0x0000000713c00000, 0x0000000713d00000, 0x0000000713d00000|100%| E|CS|TAMS 0x0000000713c00000, 0x0000000713c00000| Complete 
| 245|0x0000000713d00000, 0x0000000713e00000, 0x0000000713e00000|100%| E|CS|TAMS 0x0000000713d00000, 0x0000000713d00000| Complete 
| 246|0x0000000713e00000, 0x0000000713f00000, 0x0000000713f00000|100%| E|CS|TAMS 0x0000000713e00000, 0x0000000713e00000| Complete 
| 247|0x0000000713f00000, 0x0000000714000000, 0x0000000714000000|100%| E|CS|TAMS 0x0000000713f00000, 0x0000000713f00000| Complete 
| 248|0x0000000714000000, 0x0000000714100000, 0x0000000714100000|100%| E|CS|TAMS 0x0000000714000000, 0x0000000714000000| Complete 
| 249|0x0000000714100000, 0x0000000714200000, 0x0000000714200000|100%| E|CS|TAMS 0x0000000714100000, 0x0000000714100000| Complete 
| 250|0x0000000714200000, 0x0000000714300000, 0x0000000714300000|100%| E|CS|TAMS 0x0000000714200000, 0x0000000714200000| Complete 
| 251|0x0000000714300000, 0x0000000714400000, 0x0000000714400000|100%| E|CS|TAMS 0x0000000714300000, 0x0000000714300000| Complete 

Card table byte_map: [0x0000023779eb0000,0x000002377a690000] _byte_map_base: 0x000002377668c000

Marking Bits (Prev, Next): (CMBitMap*) 0x0000023770ca20b8, (CMBitMap*) 0x0000023770ca20f0
 Prev Bits: [0x000002377ae70000, 0x000002377ed50000)
 Next Bits: [0x000002370f000000, 0x0000023712ee0000)

Polling page: 0x0000023770400000

Metaspace:

Usage:
  Non-class:     50.90 MB capacity,    49.74 MB ( 98%) used,   951.20 KB (  2%) free+waste,   243.62 KB ( <1%) overhead. 
      Class:      7.30 MB capacity,     6.50 MB ( 89%) used,   706.16 KB (  9%) free+waste,   114.62 KB (  2%) overhead. 
       Both:     58.20 MB capacity,    56.23 MB ( 97%) used,     1.62 MB (  3%) free+waste,   358.25 KB ( <1%) overhead. 

Virtual space:
  Non-class space:       52.00 MB reserved,      50.92 MB ( 98%) committed 
      Class space:        1.00 GB reserved,       7.38 MB ( <1%) committed 
             Both:        1.05 GB reserved,      58.30 MB (  5%) committed 

Chunk freelists:
   Non-Class:  18.00 KB
       Class:  0 bytes
        Both:  18.00 KB

MaxMetaspaceSize: 17179869184.00 GB
CompressedClassSpaceSize: 1.00 GB
Initial GC threshold: 20.80 MB
Current GC threshold: 58.83 MB
CDS: off

CodeHeap 'non-profiled nmethods': size=120000Kb used=4627Kb max_used=4627Kb free=115372Kb
 bounds [0x0000023707ad0000, 0x0000023707f60000, 0x000002370f000000]
CodeHeap 'profiled nmethods': size=120000Kb used=16830Kb max_used=16830Kb free=103169Kb
 bounds [0x00000237005a0000, 0x0000023701610000, 0x0000023707ad0000]
CodeHeap 'non-nmethods': size=5760Kb used=1328Kb max_used=1375Kb free=4431Kb
 bounds [0x0000023700000000, 0x0000023700270000, 0x00000237005a0000]
 total_blobs=7729 nmethods=7134 adapters=506
 compilation: enabled
              stopped_count=0, restarted_count=0
 full_count=0

Compilation events (20 events):
Event: 985.104 Thread 0x000002377fa00000 nmethod 7184 0x0000023707f53890 code [0x0000023707f53a40, 0x0000023707f53af8]
Event: 985.107 Thread 0x000002377fa00000 7186       3       org.apache.catalina.connector.CoyoteOutputStream::checkNonBlockingWrite (48 bytes)
Event: 985.108 Thread 0x000002377fa00000 nmethod 7186 0x000002370160b910 code [0x000002370160bb20, 0x000002370160bfe8]
Event: 985.108 Thread 0x000002377fa00000 7188       3       ch.qos.logback.classic.spi.LoggingEvent::getThreadName (22 bytes)
Event: 985.109 Thread 0x000002377fa00000 nmethod 7188 0x000002370160c210 code [0x000002370160c3c0, 0x000002370160c598]
Event: 985.109 Thread 0x000002377fa00000 7187       3       org.apache.catalina.connector.OutputBuffer::isBlocking (16 bytes)
Event: 985.109 Thread 0x000002377fa00000 nmethod 7187 0x000002370160c690 code [0x000002370160c840, 0x000002370160c9d8]
Event: 1416.058 Thread 0x000002377f9fe800 7189       4       java.util.concurrent.ScheduledThreadPoolExecutor$ScheduledFutureTask::compareTo (9 bytes)
Event: 1416.061 Thread 0x000002377f9fe800 nmethod 7189 0x0000023707f53b90 code [0x0000023707f53d20, 0x0000023707f53e18]
Event: 1416.066 Thread 0x000002377f9fe800 7193       4       java.util.concurrent.ThreadPoolExecutor::runStateAtLeast (11 bytes)
Event: 1416.066 Thread 0x000002377f9fe800 nmethod 7193 0x0000023707f53f10 code [0x0000023707f540a0, 0x0000023707f540f8]
Event: 1416.066 Thread 0x000002377f9fe800 7192       4       java.util.concurrent.locks.AbstractQueuedSynchronizer::setHead (16 bytes)
Event: 1416.067 Thread 0x000002371a21d800 7191       4       java.util.concurrent.ThreadPoolExecutor::beforeExecute (1 bytes)
Event: 1416.068 Thread 0x000002377f9fe800 nmethod 7192 0x0000023707f54210 code [0x0000023707f543a0, 0x0000023707f545b8]
Event: 1416.068 Thread 0x000002377f9fe800 7190       4       java.util.concurrent.ThreadPoolExecutor::afterExecute (1 bytes)
Event: 1416.068 Thread 0x000002371a21d800 nmethod 7191 0x0000023707f54690 code [0x0000023707f54820, 0x0000023707f54878]
Event: 1416.068 Thread 0x000002377f9fe800 nmethod 7190 0x0000023707f54990 code [0x0000023707f54b20, 0x0000023707f54b78]
Event: 1425.139 Thread 0x000002377f9fe800 7194       4       java.lang.ClassLoader::preDefineClass (116 bytes)
Event: 1425.199 Thread 0x000002377fa00000 7196       3       sun.util.calendar.BaseCalendar::getFixedDate (324 bytes)
Event: 1425.220 Thread 0x000002377fa00000 nmethod 7196 0x000002370160ca90 code [0x000002370160cdc0, 0x000002370160ee58]

GC Heap History (14 events):
Event: 2.980 GC heap before
{Heap before GC invocations=0 (full 0):
 garbage-first heap   total 258048K, used 24576K [0x0000000704800000, 0x0000000800000000)
  region size 1024K, 24 young (24576K), 0 survivors (0K)
 Metaspace       used 12759K, capacity 13061K, committed 13184K, reserved 1060864K
  class space    used 1193K, capacity 1294K, committed 1408K, reserved 1048576K
}
Event: 2.984 GC heap after
{Heap after GC invocations=1 (full 0):
 garbage-first heap   total 258048K, used 5415K [0x0000000704800000, 0x0000000800000000)
  region size 1024K, 3 young (3072K), 3 survivors (3072K)
 Metaspace       used 12759K, capacity 13061K, committed 13184K, reserved 1060864K
  class space    used 1193K, capacity 1294K, committed 1408K, reserved 1048576K
}
Event: 3.434 GC heap before
{Heap before GC invocations=1 (full 0):
 garbage-first heap   total 258048K, used 23847K [0x0000000704800000, 0x0000000800000000)
  region size 1024K, 21 young (21504K), 3 survivors (3072K)
 Metaspace       used 17082K, capacity 17507K, committed 17536K, reserved 1064960K
  class space    used 1745K, capacity 1918K, committed 1920K, reserved 1048576K
}
Event: 3.437 GC heap after
{Heap after GC invocations=2 (full 0):
 garbage-first heap   total 258048K, used 6830K [0x0000000704800000, 0x0000000800000000)
  region size 1024K, 2 young (2048K), 2 survivors (2048K)
 Metaspace       used 17082K, capacity 17507K, committed 17536K, reserved 1064960K
  class space    used 1745K, capacity 1918K, committed 1920K, reserved 1048576K
}
Event: 3.640 GC heap before
{Heap before GC invocations=2 (full 0):
 garbage-first heap   total 258048K, used 25262K [0x0000000704800000, 0x0000000800000000)
  region size 1024K, 21 young (21504K), 2 survivors (2048K)
 Metaspace       used 20696K, capacity 21190K, committed 21296K, reserved 1069056K
  class space    used 2191K, capacity 2382K, committed 2432K, reserved 1048576K
}
Event: 3.643 GC heap after
{Heap after GC invocations=3 (full 0):
 garbage-first heap   total 258048K, used 7399K [0x0000000704800000, 0x0000000800000000)
  region size 1024K, 2 young (2048K), 2 survivors (2048K)
 Metaspace       used 20696K, capacity 21190K, committed 21296K, reserved 1069056K
  class space    used 2191K, capacity 2382K, committed 2432K, reserved 1048576K
}
Event: 5.480 GC heap before
{Heap before GC invocations=4 (full 0):
 garbage-first heap   total 258048K, used 85223K [0x0000000704800000, 0x0000000800000000)
  region size 1024K, 78 young (79872K), 2 survivors (2048K)
 Metaspace       used 28349K, capacity 29030K, committed 29232K, reserved 1075200K
  class space    used 3144K, capacity 3434K, committed 3456K, reserved 1048576K
}
Event: 5.486 GC heap after
{Heap after GC invocations=5 (full 0):
 garbage-first heap   total 258048K, used 10312K [0x0000000704800000, 0x0000000800000000)
  region size 1024K, 5 young (5120K), 5 survivors (5120K)
 Metaspace       used 28349K, capacity 29030K, committed 29232K, reserved 1075200K
  class space    used 3144K, capacity 3434K, committed 3456K, reserved 1048576K
}
Event: 6.304 GC heap before
{Heap before GC invocations=5 (full 0):
 garbage-first heap   total 258048K, used 48200K [0x0000000704800000, 0x0000000800000000)
  region size 1024K, 43 young (44032K), 5 survivors (5120K)
 Metaspace       used 34807K, capacity 35733K, committed 35888K, reserved 1081344K
  class space    used 3980K, capacity 4362K, committed 4480K, reserved 1048576K
}
Event: 6.311 GC heap after
{Heap after GC invocations=6 (full 0):
 garbage-first heap   total 258048K, used 12755K [0x0000000704800000, 0x0000000800000000)
  region size 1024K, 8 young (8192K), 8 survivors (8192K)
 Metaspace       used 34807K, capacity 35733K, committed 35888K, reserved 1081344K
  class space    used 3980K, capacity 4362K, committed 4480K, reserved 1048576K
}
Event: 8.341 GC heap before
{Heap before GC invocations=7 (full 0):
 garbage-first heap   total 258048K, used 122323K [0x0000000704800000, 0x0000000800000000)
  region size 1024K, 115 young (117760K), 8 survivors (8192K)
 Metaspace       used 47525K, capacity 48899K, committed 49072K, reserved 1091584K
  class space    used 5528K, capacity 6050K, committed 6144K, reserved 1048576K
}
Event: 8.351 GC heap after
{Heap after GC invocations=8 (full 0):
 garbage-first heap   total 258048K, used 18770K [0x0000000704800000, 0x0000000800000000)
  region size 1024K, 13 young (13312K), 13 survivors (13312K)
 Metaspace       used 47525K, capacity 48899K, committed 49072K, reserved 1091584K
  class space    used 5528K, capacity 6050K, committed 6144K, reserved 1048576K
}
Event: 319.735 GC heap before
{Heap before GC invocations=8 (full 0):
 garbage-first heap   total 258048K, used 192850K [0x0000000704800000, 0x0000000800000000)
  region size 1024K, 151 young (154624K), 13 survivors (13312K)
 Metaspace       used 57525K, capacity 59530K, committed 59696K, reserved 1101824K
  class space    used 6647K, capacity 7471K, committed 7552K, reserved 1048576K
}
Event: 319.820 GC heap after
{Heap after GC invocations=9 (full 0):
 garbage-first heap   total 258048K, used 22454K [0x0000000704800000, 0x0000000800000000)
  region size 1024K, 13 young (13312K), 13 survivors (13312K)
 Metaspace       used 57525K, capacity 59530K, committed 59696K, reserved 1101824K
  class space    used 6647K, capacity 7471K, committed 7552K, reserved 1048576K
}

Deoptimization events (20 events):
Event: 182.454 Thread 0x000002371c677800 DEOPT PACKING pc=0x00000237013d3629 sp=0x0000005a02ffa970
Event: 182.454 Thread 0x000002371c677800 DEOPT UNPACKING pc=0x0000023700049d0e sp=0x0000005a02ff9e98 mode 0
Event: 182.454 Thread 0x000002371c677800 DEOPT PACKING pc=0x00000237013d3629 sp=0x0000005a02ffa970
Event: 182.454 Thread 0x000002371c677800 DEOPT UNPACKING pc=0x0000023700049d0e sp=0x0000005a02ff9e98 mode 0
Event: 182.455 Thread 0x000002371c677800 DEOPT PACKING pc=0x00000237013d3629 sp=0x0000005a02ffa970
Event: 182.455 Thread 0x000002371c677800 DEOPT UNPACKING pc=0x0000023700049d0e sp=0x0000005a02ff9e98 mode 0
Event: 182.455 Thread 0x000002371c677800 DEOPT PACKING pc=0x00000237013d3629 sp=0x0000005a02ffa970
Event: 182.455 Thread 0x000002371c677800 DEOPT UNPACKING pc=0x0000023700049d0e sp=0x0000005a02ff9e98 mode 0
Event: 182.455 Thread 0x000002371c677800 DEOPT PACKING pc=0x00000237013d3629 sp=0x0000005a02ffa970
Event: 182.455 Thread 0x000002371c677800 DEOPT UNPACKING pc=0x0000023700049d0e sp=0x0000005a02ff9e98 mode 0
Event: 182.456 Thread 0x000002371c677800 DEOPT PACKING pc=0x00000237013d3629 sp=0x0000005a02ffa970
Event: 182.456 Thread 0x000002371c677800 DEOPT UNPACKING pc=0x0000023700049d0e sp=0x0000005a02ff9e98 mode 0
Event: 182.456 Thread 0x000002371c677800 DEOPT PACKING pc=0x00000237013d3629 sp=0x0000005a02ffa970
Event: 182.456 Thread 0x000002371c677800 DEOPT UNPACKING pc=0x0000023700049d0e sp=0x0000005a02ff9e98 mode 0
Event: 182.456 Thread 0x000002371c677800 DEOPT PACKING pc=0x00000237013d3629 sp=0x0000005a02ffa970
Event: 182.456 Thread 0x000002371c677800 DEOPT UNPACKING pc=0x0000023700049d0e sp=0x0000005a02ff9e98 mode 0
Event: 182.456 Thread 0x000002371c677800 DEOPT PACKING pc=0x00000237013d3629 sp=0x0000005a02ffa970
Event: 182.456 Thread 0x000002371c677800 DEOPT UNPACKING pc=0x0000023700049d0e sp=0x0000005a02ff9e98 mode 0
Event: 182.457 Thread 0x000002371c677800 DEOPT PACKING pc=0x00000237013d3629 sp=0x0000005a02ffaa20
Event: 182.457 Thread 0x000002371c677800 DEOPT UNPACKING pc=0x0000023700049d0e sp=0x0000005a02ff9f28 mode 0

Classes redefined (0 events):
No events

Internal exceptions (20 events):
Event: 17.750 Thread 0x0000023718696800 Exception <a 'java/lang/NoSuchMethodError'{0x0000000712905e60}: 'java.lang.Object java.lang.invoke.DirectMethodHandle$Holder.newInvokeSpecial(java.lang.Object, java.lang.Object, java.lang.Object, java.lang.Object, int)'> (0x0000000712905e60) thrown at [s\src\hotspot\share\interpreter\linkResolver.cpp, line 773]
Event: 17.770 Thread 0x0000023718696800 Exception <a 'java/lang/NoClassDefFoundError'{0x0000000712987be0}: com/sun/jna/Platform> (0x0000000712987be0) thrown at [s\src\hotspot\share\classfile\systemDictionary.cpp, line 219]
Event: 18.228 Thread 0x0000023718696800 Exception <a 'java/lang/NoSuchMethodError'{0x00000007125c93f8}: 'java.lang.Object java.lang.invoke.DirectMethodHandle$Holder.invokeStaticInit(java.lang.Object, java.lang.Object, java.lang.Object, java.lang.Object)'> (0x00000007125c93f8) thrown at [s\src\hotspot\share\interpreter\linkResolver.cpp, line 773]
Event: 18.539 Thread 0x0000023718696800 Exception <a 'java/lang/reflect/InvocationTargetException'{0x0000000711d3e900}> (0x0000000711d3e900) thrown at [s\src\hotspot\share\runtime\reflection.cpp, line 1245]
Event: 18.651 Thread 0x0000023718696800 Exception <a 'java/lang/ClassNotFoundException'{0x0000000711a0ac48}: java/lang/ObjectCustomizer> (0x0000000711a0ac48) thrown at [s\src\hotspot\share\classfile\systemDictionary.cpp, line 230]
Event: 18.654 Thread 0x0000023718696800 Exception <a 'java/lang/ClassNotFoundException'{0x0000000711a227f8}: org/springframework/jdbc/support/SQLErrorCodesCustomizer> (0x0000000711a227f8) thrown at [s\src\hotspot\share\classfile\systemDictionary.cpp, line 230]
Event: 18.659 Thread 0x0000023718696800 Implicit null exception at 0x0000023707c17c57 to 0x0000023707c17e5c
Event: 41.215 Thread 0x000002371c67b800 Exception <a 'java/lang/NoClassDefFoundError'{0x000000071142cf78}: sun/reflect/Reflection> (0x000000071142cf78) thrown at [s\src\hotspot\share\classfile\systemDictionary.cpp, line 219]
Event: 47.637 Thread 0x000002371c67a000 Exception <a 'java/lang/NoSuchMethodError'{0x0000000710ba2f00}: 'java.lang.Object java.lang.invoke.DelegatingMethodHandle$Holder.reinvoke_L(java.lang.Object, java.lang.Object, int, int, java.lang.Object, java.lang.Object, java.lang.Object, java.lang.Object, java.lang.Object, java.lang.Object, java.lang.Object, java.lang.Object, java.lang.Object, java.lang.Object, java.lang.Object, java.lang.Object, java.lang.Object, java.lang.Object, java.lang.Object, java.lang.Object, java.lang.Object, java.lang.Object, j
Event: 47.672 Thread 0x000002371c67a000 Exception <a 'java/lang/NoSuchMethodError'{0x000000071082d818}: 'java.lang.Object java.lang.invoke.DirectMethodHandle$Holder.invokeSpecial(java.lang.Object, java.lang.Object, int, int, java.lang.Object, java.lang.Object, java.lang.Object, java.lang.Object, java.lang.Object, java.lang.Object, java.lang.Object, java.lang.Object, java.lang.Object, java.lang.Object, java.lang.Object, java.lang.Object, java.lang.Object, java.lang.Object, java.lang.Object, java.lang.Object, java.lang.Object, java.lang.Object, ja
Event: 47.672 Thread 0x000002371c67a000 Exception <a 'java/lang/NoSuchMethodError'{0x00000007108347b0}: 'java.lang.Object java.lang.invoke.DelegatingMethodHandle$Holder.reinvoke_L(java.lang.Object, int, int, java.lang.Object, java.lang.Object, java.lang.Object, java.lang.Object, java.lang.Object, java.lang.Object, java.lang.Object, java.lang.Object, java.lang.Object, java.lang.Object, java.lang.Object, java.lang.Object, java.lang.Object, java.lang.Object, java.lang.Object, java.lang.Object, java.lang.Object, java.lang.Object, java.lang.Object, j
Event: 47.711 Thread 0x000002371c67a000 Exception <a 'java/lang/NoSuchMethodError'{0x000000071069b418}: 'java.lang.Object java.lang.invoke.DelegatingMethodHandle$Holder.reinvoke_L(java.lang.Object, java.lang.Object, java.lang.Object, java.lang.Object, java.lang.Object, java.lang.Object, java.lang.Object, java.lang.Object, java.lang.Object, java.lang.Object, java.lang.Object, java.lang.Object, java.lang.Object, java.lang.Object, java.lang.Object, java.lang.Object, java.lang.Object, java.lang.Object, java.lang.Object, java.lang.Object, java.lang.O
Event: 47.721 Thread 0x000002371c67a000 Exception <a 'java/lang/NoSuchMethodError'{0x000000071053b688}: 'java.lang.Object java.lang.invoke.Invokers$Holder.linkToTargetMethod(java.lang.Object, java.lang.Object, java.lang.Object, java.lang.Object, java.lang.Object, java.lang.Object, java.lang.Object, java.lang.Object, java.lang.Object, java.lang.Object, java.lang.Object, java.lang.Object, java.lang.Object, java.lang.Object, java.lang.Object, java.lang.Object, java.lang.Object, java.lang.Object, java.lang.Object, java.lang.Object, java.lang.Object,
Event: 48.059 Thread 0x000002371c676800 Exception <a 'java/lang/NoSuchMethodError'{0x0000000710285660}: 'java.lang.Object java.lang.invoke.DelegatingMethodHandle$Holder.reinvoke_L(java.lang.Object, java.lang.Object, int, int, java.lang.Object, java.lang.Object, java.lang.Object, java.lang.Object, java.lang.Object, java.lang.Object, java.lang.Object, java.lang.Object, java.lang.Object, java.lang.Object, java.lang.Object, java.lang.Object, java.lang.Object, java.lang.Object, java.lang.Object, java.lang.Object, java.lang.Object, java.lang.Object, j
Event: 48.082 Thread 0x000002371c676800 Exception <a 'java/lang/NoSuchMethodError'{0x0000000710035920}: 'java.lang.Object java.lang.invoke.DirectMethodHandle$Holder.invokeSpecial(java.lang.Object, java.lang.Object, int, int, java.lang.Object, java.lang.Object, java.lang.Object, java.lang.Object, java.lang.Object, java.lang.Object, java.lang.Object, java.lang.Object, java.lang.Object, java.lang.Object, java.lang.Object, java.lang.Object, java.lang.Object, java.lang.Object, java.lang.Object, java.lang.Object, java.lang.Object, java.lang.Object, ja
Event: 48.082 Thread 0x000002371c676800 Exception <a 'java/lang/NoSuchMethodError'{0x000000071003bb98}: 'java.lang.Object java.lang.invoke.DelegatingMethodHandle$Holder.reinvoke_L(java.lang.Object, int, int, java.lang.Object, java.lang.Object, java.lang.Object, java.lang.Object, java.lang.Object, java.lang.Object, java.lang.Object, java.lang.Object, java.lang.Object, java.lang.Object, java.lang.Object, java.lang.Object, java.lang.Object, java.lang.Object, java.lang.Object, java.lang.Object, java.lang.Object, java.lang.Object, java.lang.Object)'>
Event: 48.105 Thread 0x000002371c676800 Exception <a 'java/lang/NoSuchMethodError'{0x000000070ff969c0}: 'java.lang.Object java.lang.invoke.DelegatingMethodHandle$Holder.reinvoke_L(java.lang.Object, java.lang.Object, java.lang.Object, java.lang.Object, java.lang.Object, java.lang.Object, java.lang.Object, java.lang.Object, java.lang.Object, java.lang.Object, java.lang.Object, java.lang.Object, java.lang.Object, java.lang.Object, java.lang.Object, java.lang.Object, java.lang.Object, java.lang.Object, java.lang.Object, java.lang.Object)'> (0x000000
Event: 48.112 Thread 0x000002371c676800 Exception <a 'java/lang/NoSuchMethodError'{0x000000070fffc280}: 'java.lang.Object java.lang.invoke.Invokers$Holder.linkToTargetMethod(java.lang.Object, java.lang.Object, java.lang.Object, java.lang.Object, java.lang.Object, java.lang.Object, java.lang.Object, java.lang.Object, java.lang.Object, java.lang.Object, java.lang.Object, java.lang.Object, java.lang.Object, java.lang.Object, java.lang.Object, java.lang.Object, java.lang.Object, java.lang.Object, java.lang.Object, java.lang.Object)'> (0x000000070fff
Event: 53.289 Thread 0x000002371c67b800 Exception <a 'java/lang/reflect/InvocationTargetException'{0x000000070fc089e0}> (0x000000070fc089e0) thrown at [s\src\hotspot\share\runtime\reflection.cpp, line 1245]
Event: 211.472 Thread 0x000002371c677800 Exception <a 'java/lang/reflect/InvocationTargetException'{0x000000070da961a8}> (0x000000070da961a8) thrown at [s\src\hotspot\share\runtime\reflection.cpp, line 1245]

Events (20 events):
Event: 181.982 Executing VM operation: RevokeBias
Event: 181.982 Executing VM operation: RevokeBias done
Event: 182.904 Executing VM operation: RevokeBias
Event: 182.904 Executing VM operation: RevokeBias done
Event: 182.904 Executing VM operation: RevokeBias
Event: 182.904 Executing VM operation: RevokeBias done
Event: 183.189 Executing VM operation: RevokeBias
Event: 183.189 Executing VM operation: RevokeBias done
Event: 319.734 Executing VM operation: G1CollectForAllocation
Event: 319.820 Executing VM operation: G1CollectForAllocation done
Event: 1416.066 Thread 0x000002371a21d800 Thread added: 0x000002371a21d800
Event: 1421.061 Thread 0x000002371a21d800 Thread exited: 0x000002371a21d800
Event: 1425.129 loading class io/jsonwebtoken/lang/DateFormats
Event: 1425.129 loading class io/jsonwebtoken/lang/DateFormats done
Event: 1425.174 loading class io/jsonwebtoken/lang/DateFormats$1
Event: 1425.174 loading class io/jsonwebtoken/lang/DateFormats$1 done
Event: 1425.178 loading class io/jsonwebtoken/lang/DateFormats$2
Event: 1425.178 loading class io/jsonwebtoken/lang/DateFormats$2 done
Event: 1425.196 loading class javax/servlet/http/CookieNameValidator
Event: 1425.196 loading class javax/servlet/http/CookieNameValidator done


Dynamic libraries:
0x00007ff7de3b0000 - 0x00007ff7de3be000 	C:\Program Files\Java\jdk-11.0.20.8-hotspot\bin\java.exe
0x00007ff979bb0000 - 0x00007ff979dc4000 	C:\WINDOWS\SYSTEM32\ntdll.dll
0x00007ff979480000 - 0x00007ff979544000 	C:\WINDOWS\System32\KERNEL32.DLL
0x00007ff9771a0000 - 0x00007ff977544000 	C:\WINDOWS\System32\KERNELBASE.dll
0x00007ff976fc0000 - 0x00007ff9770d1000 	C:\WINDOWS\System32\ucrtbase.dll
0x00007ff970f70000 - 0x00007ff970f89000 	C:\Program Files\Java\jdk-11.0.20.8-hotspot\bin\VCRUNTIME140.dll
0x00007ff971010000 - 0x00007ff971028000 	C:\Program Files\Java\jdk-11.0.20.8-hotspot\bin\jli.dll
0x00007ff979910000 - 0x00007ff979aba000 	C:\WINDOWS\System32\USER32.dll
0x00007ff976f90000 - 0x00007ff976fb6000 	C:\WINDOWS\System32\win32u.dll
0x00007ff967f30000 - 0x00007ff9681bf000 	C:\WINDOWS\WinSxS\amd64_microsoft.windows.common-controls_6595b64144ccf1df_6.0.22621.2070_none_2713e6537381f706\COMCTL32.dll
0x00007ff978410000 - 0x00007ff978439000 	C:\WINDOWS\System32\GDI32.dll
0x00007ff977e10000 - 0x00007ff977eb7000 	C:\WINDOWS\System32\msvcrt.dll
0x00007ff977550000 - 0x00007ff977669000 	C:\WINDOWS\System32\gdi32full.dll
0x00007ff977670000 - 0x00007ff97770a000 	C:\WINDOWS\System32\msvcp_win.dll
0x00007ff978440000 - 0x00007ff978471000 	C:\WINDOWS\System32\IMM32.DLL
0x00007ff974030000 - 0x00007ff97403c000 	C:\Program Files\Java\jdk-11.0.20.8-hotspot\bin\vcruntime140_1.dll
0x00007ff95c6d0000 - 0x00007ff95c761000 	C:\Program Files\Java\jdk-11.0.20.8-hotspot\bin\msvcp140.dll
0x00007ff93a7e0000 - 0x00007ff93b39c000 	C:\Program Files\Java\jdk-11.0.20.8-hotspot\bin\server\jvm.dll
0x00007ff979660000 - 0x00007ff979710000 	C:\WINDOWS\System32\ADVAPI32.dll
0x00007ff9780c0000 - 0x00007ff978166000 	C:\WINDOWS\System32\sechost.dll
0x00007ff979350000 - 0x00007ff979467000 	C:\WINDOWS\System32\RPCRT4.dll
0x00007ff979470000 - 0x00007ff979478000 	C:\WINDOWS\System32\PSAPI.DLL
0x00007ff95d670000 - 0x00007ff95d679000 	C:\WINDOWS\SYSTEM32\WSOCK32.dll
0x00007ff9716c0000 - 0x00007ff9716f4000 	C:\WINDOWS\SYSTEM32\WINMM.dll
0x00007ff979890000 - 0x00007ff979901000 	C:\WINDOWS\System32\WS2_32.dll
0x00007ff96ece0000 - 0x00007ff96ecea000 	C:\WINDOWS\SYSTEM32\VERSION.dll
0x00007ff976040000 - 0x00007ff976058000 	C:\WINDOWS\SYSTEM32\kernel.appcore.dll
0x00007ff9710a0000 - 0x00007ff9710b0000 	C:\Program Files\Java\jdk-11.0.20.8-hotspot\bin\verify.dll
0x00007ff9748d0000 - 0x00007ff974afe000 	C:\WINDOWS\SYSTEM32\DBGHELP.DLL
0x00007ff9779f0000 - 0x00007ff977d7a000 	C:\WINDOWS\System32\combase.dll
0x00007ff978330000 - 0x00007ff978407000 	C:\WINDOWS\System32\OLEAUT32.dll
0x00007ff971680000 - 0x00007ff9716b2000 	C:\WINDOWS\SYSTEM32\dbgcore.DLL
0x00007ff977780000 - 0x00007ff9777fa000 	C:\WINDOWS\System32\bcryptPrimitives.dll
0x00007ff970f40000 - 0x00007ff970f68000 	C:\Program Files\Java\jdk-11.0.20.8-hotspot\bin\java.dll
0x00007ff970f30000 - 0x00007ff970f3a000 	C:\Program Files\Java\jdk-11.0.20.8-hotspot\bin\jimage.dll
0x00007ff970f20000 - 0x00007ff970f2e000 	C:\Program Files\Java\jdk-11.0.20.8-hotspot\bin\instrument.dll
0x00007ff970be0000 - 0x00007ff970bf8000 	C:\Program Files\Java\jdk-11.0.20.8-hotspot\bin\zip.dll
0x00007ff978a30000 - 0x00007ff979246000 	C:\WINDOWS\System32\SHELL32.dll
0x00007ff974f60000 - 0x00007ff97584a000 	C:\WINDOWS\SYSTEM32\windows.storage.dll
0x00007ff974e20000 - 0x00007ff974f5e000 	C:\WINDOWS\SYSTEM32\wintypes.dll
0x00007ff979250000 - 0x00007ff979343000 	C:\WINDOWS\System32\SHCORE.dll
0x00007ff978060000 - 0x00007ff9780be000 	C:\WINDOWS\System32\shlwapi.dll
0x00007ff976ec0000 - 0x00007ff976ee6000 	C:\WINDOWS\SYSTEM32\profapi.dll
0x00007ff970a70000 - 0x00007ff970a89000 	C:\Program Files\Java\jdk-11.0.20.8-hotspot\bin\net.dll
0x00007ff971310000 - 0x00007ff971447000 	C:\WINDOWS\SYSTEM32\WINHTTP.dll
0x00007ff976540000 - 0x00007ff9765a9000 	C:\WINDOWS\system32\mswsock.dll
0x00007ff970a50000 - 0x00007ff970a63000 	C:\Program Files\Java\jdk-11.0.20.8-hotspot\bin\nio.dll
0x00007ff96eca0000 - 0x00007ff96ecba000 	C:\Program Files\JetBrains\IntelliJ IDEA Community Edition 2023.2\bin\breakgen64.dll
0x00007ff970c60000 - 0x00007ff970c69000 	C:\Program Files\Java\jdk-11.0.20.8-hotspot\bin\management.dll
0x00007ff970b30000 - 0x00007ff970b3b000 	C:\Program Files\Java\jdk-11.0.20.8-hotspot\bin\management_ext.dll
0x00007ff95d2b0000 - 0x00007ff95d2c7000 	C:\WINDOWS\system32\napinsp.dll
0x00007ff95b390000 - 0x00007ff95b3ab000 	C:\WINDOWS\system32\pnrpnsp.dll
0x00007ff975b20000 - 0x00007ff975c13000 	C:\WINDOWS\SYSTEM32\DNSAPI.dll
0x00007ff975af0000 - 0x00007ff975b1d000 	C:\WINDOWS\SYSTEM32\IPHLPAPI.DLL
0x00007ff9784a0000 - 0x00007ff9784a9000 	C:\WINDOWS\System32\NSI.dll
0x00007ff95b370000 - 0x00007ff95b381000 	C:\WINDOWS\System32\winrnr.dll
0x00007ff96f370000 - 0x00007ff96f385000 	C:\WINDOWS\system32\wshbth.dll
0x00007ff95b2f0000 - 0x00007ff95b311000 	C:\WINDOWS\system32\nlansp_c.dll
0x00007ff96f9c0000 - 0x00007ff96f9ca000 	C:\Windows\System32\rasadhlp.dll
0x00007ff96f9d0000 - 0x00007ff96fa54000 	C:\WINDOWS\System32\fwpuclnt.dll
0x00007ff976790000 - 0x00007ff9767ab000 	C:\WINDOWS\SYSTEM32\CRYPTSP.dll
0x00007ff975fa0000 - 0x00007ff975fd5000 	C:\WINDOWS\system32\rsaenh.dll
0x00007ff976630000 - 0x00007ff97665c000 	C:\WINDOWS\SYSTEM32\USERENV.dll
0x00007ff976950000 - 0x00007ff976978000 	C:\WINDOWS\SYSTEM32\bcrypt.dll
0x00007ff9767b0000 - 0x00007ff9767bc000 	C:\WINDOWS\SYSTEM32\CRYPTBASE.dll
0x00007ff970080000 - 0x00007ff970099000 	C:\WINDOWS\SYSTEM32\dhcpcsvc6.DLL
0x00007ff970180000 - 0x00007ff97019f000 	C:\WINDOWS\SYSTEM32\dhcpcsvc.DLL
0x00007ff95e9b0000 - 0x00007ff95e9d7000 	C:\Program Files\Java\jdk-11.0.20.8-hotspot\bin\sunec.dll
0x00007ff970af0000 - 0x00007ff970afe000 	C:\Program Files\Java\jdk-11.0.20.8-hotspot\bin\sunmscapi.dll
0x00007ff977800000 - 0x00007ff977967000 	C:\WINDOWS\System32\CRYPT32.dll
0x00007ff976920000 - 0x00007ff97694e000 	C:\WINDOWS\SYSTEM32\ncrypt.dll
0x00007ff9768e0000 - 0x00007ff976917000 	C:\WINDOWS\SYSTEM32\NTASN1.dll

dbghelp: loaded successfully - version: 4.0.5 - missing functions: none
symbol engine: initialized successfully - sym options: 0x614 - pdb path: .;C:\Program Files\Java\jdk-11.0.20.8-hotspot\bin;C:\WINDOWS\SYSTEM32;C:\WINDOWS\WinSxS\amd64_microsoft.windows.common-controls_6595b64144ccf1df_6.0.22621.2070_none_2713e6537381f706;C:\Program Files\Java\jdk-11.0.20.8-hotspot\bin\server;C:\Program Files\JetBrains\IntelliJ IDEA Community Edition 2023.2\bin

VM Arguments:
jvm_args: -javaagent:C:\Program Files\JetBrains\IntelliJ IDEA Community Edition 2023.2\lib\idea_rt.jar=57119:C:\Program Files\JetBrains\IntelliJ IDEA Community Edition 2023.2\bin -Dfile.encoding=UTF-8 
java_command: com.example.demo.DemoApplication
java_class_path (initial): C:\Users\kosa\Desktop\\backend\FinalProject_Backend\demo\out\production\classes;C:\Users\kosa\Desktop\\backend\FinalProject_Backend\demo\out\production\resources;C:\Users\kosa\Downloads\demo (1)\caches\modules-2\files-2.1\org.springframework.boot\spring-boot-starter-aop\2.7.14\c4fb902f51ab09247de60c463761980d0d1a5888\spring-boot-starter-aop-2.7.14.jar;C:\Users\kosa\Downloads\demo (1)\caches\modules-2\files-2.1\org.springframework.boot\spring-boot-starter-security\2.7.14\bfad63e7348a3f4d76b36c5ae87a5c582175a159\spring-boot-starter-security-2.7.14.jar;C:\Users\kosa\Downloads\demo (1)\caches\modules-2\files-2.1\org.springframework.boot\spring-boot-starter-web\2.7.14\300b311c5fb98a2ee547df33a9d37782dddb496e\spring-boot-starter-web-2.7.14.jar;C:\Users\kosa\Downloads\demo (1)\caches\modules-2\files-2.1\org.mybatis.spring.boot\mybatis-spring-boot-starter\2.3.1\b031f7fa6370ace72d05ad2a7fad7bb1940c26\mybatis-spring-boot-starter-2.3.1.jar;C:\Users\kosa\Downloads\demo (1)\caches\modules-2\files-2.1\io.jsonwebtoken\jjwt-api\0.11.5\f742940045619d06383e7df37b21ac422b476cf1\jjwt-api-0.11.5.jar;C:\Users\kosa\Downloads\demo (1)\caches\modules-2\files-2.1\org.springframework.boot\spring-boot-starter\2.7.14\5506200907ff3c3458506a8e16866c684f28bdbd\spring-boot-starter-2.7.14.jar;C:\Users\kosa\Downloads\demo (1)\caches\modules-2\files-2.1\org.springframework\spring-aop\5.3.29\397c588ce63ba4c185a8c1bd2f1e9139075b3bf1\spring-aop-5.3.29.jar;C:\Users\kosa\Downloads\demo (1)\caches\modules-2\files-2.1\org.aspectj\aspectjweaver\1.9.7\158f5c255cd3e4408e795b79f7c3fbae9b53b7ca\aspectjweaver-1.9.7.jar;C:\Users\kosa\Downloads\demo (1)\caches\modules-2\files-2.1\org.springframework.security\spring-security-config\5.7.10\a70c03d16c209b836006ed1b58b5818286bfee00\spring-security-config-5.7.10.jar;C:\Users\kosa\Downloads\demo (1)\caches\modules-2\files-2.1\org.springframework.security\spring-security-web\5.7.10\9c3445fe7b5933f856e1b8237d5f2a74a30c61d
Launcher Type: SUN_STANDARD

[Global flags]
     intx CICompilerCount                          = 4                                         {product} {ergonomic}
     uint ConcGCThreads                            = 2                                         {product} {ergonomic}
     uint G1ConcRefinementThreads                  = 8                                         {product} {ergonomic}
   size_t G1HeapRegionSize                         = 1048576                                   {product} {ergonomic}
    uintx GCDrainStackTargetSize                   = 64                                        {product} {ergonomic}
   size_t InitialHeapSize                          = 264241152                                 {product} {ergonomic}
   size_t MarkStackSize                            = 4194304                                   {product} {ergonomic}
   size_t MaxHeapSize                              = 4219469824                                {product} {ergonomic}
   size_t MaxNewSize                               = 2531262464                                {product} {ergonomic}
   size_t MinHeapDeltaBytes                        = 1048576                                   {product} {ergonomic}
    uintx NonNMethodCodeHeapSize                   = 5836300                                {pd product} {ergonomic}
    uintx NonProfiledCodeHeapSize                  = 122910970                              {pd product} {ergonomic}
    uintx ProfiledCodeHeapSize                     = 122910970                              {pd product} {ergonomic}
    uintx ReservedCodeCacheSize                    = 251658240                              {pd product} {ergonomic}
     bool SegmentedCodeCache                       = true                                      {product} {ergonomic}
     bool UseCompressedClassPointers               = true                                 {lp64_product} {ergonomic}
     bool UseCompressedOops                        = true                                 {lp64_product} {ergonomic}
     bool UseG1GC                                  = true                                      {product} {ergonomic}
     bool UseLargePagesIndividualAllocation        = false                                  {pd product} {ergonomic}

Logging:
Log output configuration:
 #0: stdout all=warning uptime,level,tags
 #1: stderr all=off uptime,level,tags

Environment Variables:
JAVA_HOME=C:\Program Files\Java\jdk-11.0.20.8-hotspot
PATH=C:\Program Files\Eclipse Adoptium\jdk-11.0.20.8-hotspot\bin;C:\Program Files\Java\jdk-11.0.20.8-hotspot\bin;C:\Program Files\Common Files\Oracle\Java\javapath;C:\WINDOWS\system32;C:\WINDOWS;C:\WINDOWS\System32\Wbem;C:\WINDOWS\System32\WindowsPowerShell\v1.0\;C:\WINDOWS\System32\OpenSSH\;C:\Program Files\Bandizip\;C:\Program Files\nodejs\;C:\Program Files\Git\cmd;C:\Users\kosa\AppData\Local\Microsoft\WindowsApps;C:\Users\kosa\AppData\Local\Programs\Microsoft VS Code\bin;C:\Users\kosa\AppData\Roaming\npm;C:\Program Files\JetBrains\IntelliJ IDEA Community Edition 2023.2\bin;C:\Users\kosa\AppData\Local\gitkraken\bin;C:\ProgramData\kosa\gitkraken\bin
USERNAME=kosa
OS=Windows_NT
PROCESSOR_IDENTIFIER=Intel64 Family 6 Model 140 Stepping 1, GenuineIntel
TMP=C:\Users\kosa\AppData\Local\Temp
TEMP=C:\Users\kosa\AppData\Local\Temp



---------------  S Y S T E M  ---------------

OS: Windows 11 , 64 bit Build 22621 (10.0.22621.2070)
OS uptime: 32 days 7:35 hours

CPU:total 8 (initial active 8) (4 cores per cpu, 2 threads per core) family 6 model 140 stepping 1 microcode 0x9a, cmov, cx8, fxsr, mmx, sse, sse2, sse3, ssse3, sse4.1, sse4.2, popcnt, avx, avx2, aes, clmul, erms, 3dnowpref, lzcnt, ht, tsc, tscinvbit, bmi1, bmi2, adx, evex, sha, fma

Memory: 4k page, system-wide physical 16092M (517M free)
TotalPageFile size 43984M (AvailPageFile size 0M)
current process WorkingSet (physical memory assigned to process): 63M, peak: 320M
current process commit charge ("private bytes"): 440M, peak: 479M

vm_info: OpenJDK 64-Bit Server VM (11.0.20+8) for windows-amd64 JRE (11.0.20+8), built on Jul 18 2023 17:06:26 by "" with MS VC++ 16.7 (VS2019)

END.
